<?xml version="1.0" encoding="UTF-8"?>
<coverage generated="1560362537801" clover="3.2.0">
  <project timestamp="1560362537801" name="All files">
    <metrics statements="64" coveredstatements="49" conditionals="44" coveredconditionals="36" methods="30" coveredmethods="21" elements="138" coveredelements="106" complexity="0" loc="64" ncloc="64" packages="5" files="12" classes="12"/>
    <package name="actions">
      <metrics statements="9" coveredstatements="9" conditionals="7" coveredconditionals="5" methods="8" coveredmethods="8"/>
      <file name="expenses.js" path="/Users/jason.noronha/Desktop/Mango-tree/Expensify/src/actions/expenses.js">
        <metrics statements="4" coveredstatements="4" conditionals="6" coveredconditionals="5" methods="3" coveredmethods="3"/>
        <line num="4" count="1" type="stmt"/>
        <line num="11" count="2" type="stmt"/>
        <line num="23" count="1" type="cond" truecount="0" falsecount="1"/>
        <line num="29" count="1" type="stmt"/>
      </file>
      <file name="filters.js" path="/Users/jason.noronha/Desktop/Mango-tree/Expensify/src/actions/filters.js">
        <metrics statements="5" coveredstatements="5" conditionals="1" coveredconditionals="0" methods="5" coveredmethods="5"/>
        <line num="3" count="2" type="cond" truecount="0" falsecount="1"/>
        <line num="9" count="2" type="stmt"/>
        <line num="14" count="2" type="stmt"/>
        <line num="19" count="2" type="stmt"/>
        <line num="24" count="2" type="stmt"/>
      </file>
    </package>
    <package name="components">
      <metrics statements="28" coveredstatements="13" conditionals="6" coveredconditionals="2" methods="15" coveredmethods="6"/>
      <file name="ExpenseDashboardPage.js" path="/Users/jason.noronha/Desktop/Mango-tree/Expensify/src/components/ExpenseDashboardPage.js">
        <metrics statements="2" coveredstatements="2" conditionals="0" coveredconditionals="0" methods="1" coveredmethods="1"/>
        <line num="5" count="1" type="stmt"/>
        <line num="6" count="1" type="stmt"/>
      </file>
      <file name="ExpenseList.js" path="/Users/jason.noronha/Desktop/Mango-tree/Expensify/src/components/ExpenseList.js">
        <metrics statements="5" coveredstatements="4" conditionals="2" coveredconditionals="2" methods="3" coveredmethods="2"/>
        <line num="6" count="2" type="stmt"/>
        <line num="7" count="2" type="stmt"/>
        <line num="12" count="3" type="stmt"/>
        <line num="17" count="2" type="stmt"/>
        <line num="18" count="0" type="stmt"/>
      </file>
      <file name="ExpenseListFilters.js" path="/Users/jason.noronha/Desktop/Mango-tree/Expensify/src/components/ExpenseListFilters.js">
        <metrics statements="15" coveredstatements="1" conditionals="4" coveredconditionals="0" methods="8" coveredmethods="0"/>
        <line num="7" count="0" type="stmt"/>
        <line num="11" count="0" type="stmt"/>
        <line num="12" count="0" type="stmt"/>
        <line num="13" count="0" type="stmt"/>
        <line num="16" count="0" type="stmt"/>
        <line num="17" count="0" type="stmt"/>
        <line num="21" count="0" type="stmt"/>
        <line num="27" count="0" type="stmt"/>
        <line num="33" count="0" type="cond" truecount="0" falsecount="2"/>
        <line num="34" count="0" type="stmt"/>
        <line num="35" count="0" type="cond" truecount="0" falsecount="2"/>
        <line num="36" count="0" type="stmt"/>
        <line num="51" count="0" type="stmt"/>
        <line num="58" count="1" type="stmt"/>
        <line num="59" count="0" type="stmt"/>
      </file>
      <file name="ExpenseListItem.js" path="/Users/jason.noronha/Desktop/Mango-tree/Expensify/src/components/ExpenseListItem.js">
        <metrics statements="2" coveredstatements="2" conditionals="0" coveredconditionals="0" methods="1" coveredmethods="1"/>
        <line num="5" count="3" type="stmt"/>
        <line num="6" count="1" type="stmt"/>
      </file>
      <file name="Header.js" path="/Users/jason.noronha/Desktop/Mango-tree/Expensify/src/components/Header.js">
        <metrics statements="2" coveredstatements="2" conditionals="0" coveredconditionals="0" methods="1" coveredmethods="1"/>
        <line num="4" count="1" type="stmt"/>
        <line num="5" count="1" type="stmt"/>
      </file>
      <file name="NotFoundPage.js" path="/Users/jason.noronha/Desktop/Mango-tree/Expensify/src/components/NotFoundPage.js">
        <metrics statements="2" coveredstatements="2" conditionals="0" coveredconditionals="0" methods="1" coveredmethods="1"/>
        <line num="4" count="1" type="stmt"/>
        <line num="5" count="1" type="stmt"/>
      </file>
    </package>
    <package name="reducers">
      <metrics statements="17" coveredstatements="17" conditionals="14" coveredconditionals="14" methods="4" coveredmethods="4"/>
      <file name="expenses.js" path="/Users/jason.noronha/Desktop/Mango-tree/Expensify/src/reducers/expenses.js">
        <metrics statements="9" coveredstatements="9" conditionals="7" coveredconditionals="7" methods="3" coveredmethods="3"/>
        <line num="2" count="1" type="stmt"/>
        <line num="4" count="6" type="cond" truecount="4" falsecount="0"/>
        <line num="6" count="1" type="stmt"/>
        <line num="11" count="2" type="stmt"/>
        <line num="12" count="6" type="cond" truecount="2" falsecount="0"/>
        <line num="13" count="1" type="stmt"/>
        <line num="18" count="5" type="stmt"/>
        <line num="22" count="6" type="stmt"/>
        <line num="24" count="1" type="stmt"/>
      </file>
      <file name="filters.js" path="/Users/jason.noronha/Desktop/Mango-tree/Expensify/src/reducers/filters.js">
        <metrics statements="8" coveredstatements="8" conditionals="7" coveredconditionals="7" methods="1" coveredmethods="1"/>
        <line num="4" count="1" type="stmt"/>
        <line num="11" count="6" type="cond" truecount="6" falsecount="0"/>
        <line num="13" count="1" type="stmt"/>
        <line num="18" count="1" type="stmt"/>
        <line num="23" count="1" type="stmt"/>
        <line num="28" count="1" type="stmt"/>
        <line num="33" count="1" type="stmt"/>
        <line num="38" count="1" type="stmt"/>
      </file>
    </package>
    <package name="selectors">
      <metrics statements="10" coveredstatements="10" conditionals="17" coveredconditionals="15" methods="3" coveredmethods="3"/>
      <file name="expenses.js" path="/Users/jason.noronha/Desktop/Mango-tree/Expensify/src/selectors/expenses.js">
        <metrics statements="10" coveredstatements="10" conditionals="17" coveredconditionals="15" methods="3" coveredmethods="3"/>
        <line num="5" count="5" type="stmt"/>
        <line num="6" count="15" type="stmt"/>
        <line num="7" count="15" type="cond" truecount="2" falsecount="0"/>
        <line num="8" count="15" type="cond" truecount="2" falsecount="0"/>
        <line num="9" count="15" type="cond" truecount="2" falsecount="0"/>
        <line num="11" count="15" type="cond" truecount="3" falsecount="0"/>
        <line num="13" count="8" type="cond" truecount="2" falsecount="0"/>
        <line num="14" count="6" type="cond" truecount="2" falsecount="0"/>
        <line num="15" count="2" type="cond" truecount="1" falsecount="1"/>
        <line num="16" count="2" type="cond" truecount="1" falsecount="1"/>
      </file>
    </package>
    <package name="tests.fixtures">
      <metrics statements="0" coveredstatements="0" conditionals="0" coveredconditionals="0" methods="0" coveredmethods="0"/>
      <file name="expenses.js" path="/Users/jason.noronha/Desktop/Mango-tree/Expensify/src/tests/fixtures/expenses.js">
        <metrics statements="0" coveredstatements="0" conditionals="0" coveredconditionals="0" methods="0" coveredmethods="0"/>
      </file>
    </package>
  </project>
</coverage>
