{"/Users/jason.noronha/Desktop/Mango-tree/Expensify/src/actions/expenses.js": {"path":"/Users/jason.noronha/Desktop/Mango-tree/Expensify/src/actions/expenses.js","statementMap":{"0":{"start":{"line":4,"column":26},"end":{"line":20,"column":2}},"1":{"start":{"line":11,"column":6},"end":{"line":20,"column":1}},"2":{"start":{"line":23,"column":29},"end":{"line":26,"column":2}},"3":{"start":{"line":23,"column":47},"end":{"line":26,"column":1}},"4":{"start":{"line":29,"column":27},"end":{"line":33,"column":2}},"5":{"start":{"line":29,"column":45},"end":{"line":33,"column":1}}},"fnMap":{"0":{"name":"(anonymous_0)","decl":{"start":{"line":4,"column":26},"end":{"line":4,"column":27}},"loc":{"start":{"line":11,"column":6},"end":{"line":20,"column":1}},"line":11},"1":{"name":"(anonymous_1)","decl":{"start":{"line":23,"column":29},"end":{"line":23,"column":30}},"loc":{"start":{"line":23,"column":47},"end":{"line":26,"column":1}},"line":23},"2":{"name":"(anonymous_2)","decl":{"start":{"line":29,"column":27},"end":{"line":29,"column":28}},"loc":{"start":{"line":29,"column":45},"end":{"line":33,"column":1}},"line":29}},"branchMap":{"0":{"loc":{"start":{"line":5,"column":4},"end":{"line":10,"column":10}},"type":"default-arg","locations":[{"start":{"line":10,"column":8},"end":{"line":10,"column":10}}],"line":5},"1":{"loc":{"start":{"line":6,"column":8},"end":{"line":6,"column":24}},"type":"default-arg","locations":[{"start":{"line":6,"column":22},"end":{"line":6,"column":24}}],"line":6},"2":{"loc":{"start":{"line":7,"column":8},"end":{"line":7,"column":17}},"type":"default-arg","locations":[{"start":{"line":7,"column":15},"end":{"line":7,"column":17}}],"line":7},"3":{"loc":{"start":{"line":8,"column":8},"end":{"line":8,"column":18}},"type":"default-arg","locations":[{"start":{"line":8,"column":17},"end":{"line":8,"column":18}}],"line":8},"4":{"loc":{"start":{"line":9,"column":8},"end":{"line":9,"column":21}},"type":"default-arg","locations":[{"start":{"line":9,"column":20},"end":{"line":9,"column":21}}],"line":9},"5":{"loc":{"start":{"line":23,"column":30},"end":{"line":23,"column":41}},"type":"default-arg","locations":[{"start":{"line":23,"column":39},"end":{"line":23,"column":41}}],"line":23}},"s":{"0":1,"1":2,"2":1,"3":1,"4":1,"5":1},"f":{"0":2,"1":1,"2":1},"b":{"0":[1],"1":[1],"2":[1],"3":[1],"4":[1],"5":[0]},"_coverageSchema":"43e27e138ebf9cfc5966b082cf9a028302ed4184","hash":"11ef85ceeb36895e786fcd86ce679bd9c2b89672"}
,"/Users/jason.noronha/Desktop/Mango-tree/Expensify/src/actions/filters.js": {"path":"/Users/jason.noronha/Desktop/Mango-tree/Expensify/src/actions/filters.js","statementMap":{"0":{"start":{"line":3,"column":29},"end":{"line":6,"column":2}},"1":{"start":{"line":3,"column":45},"end":{"line":6,"column":1}},"2":{"start":{"line":9,"column":25},"end":{"line":11,"column":2}},"3":{"start":{"line":9,"column":32},"end":{"line":11,"column":1}},"4":{"start":{"line":14,"column":27},"end":{"line":16,"column":2}},"5":{"start":{"line":14,"column":34},"end":{"line":16,"column":1}},"6":{"start":{"line":19,"column":28},"end":{"line":22,"column":2}},"7":{"start":{"line":19,"column":44},"end":{"line":22,"column":1}},"8":{"start":{"line":24,"column":26},"end":{"line":27,"column":2}},"9":{"start":{"line":24,"column":40},"end":{"line":27,"column":1}}},"fnMap":{"0":{"name":"(anonymous_0)","decl":{"start":{"line":3,"column":29},"end":{"line":3,"column":30}},"loc":{"start":{"line":3,"column":45},"end":{"line":6,"column":1}},"line":3},"1":{"name":"(anonymous_1)","decl":{"start":{"line":9,"column":25},"end":{"line":9,"column":26}},"loc":{"start":{"line":9,"column":32},"end":{"line":11,"column":1}},"line":9},"2":{"name":"(anonymous_2)","decl":{"start":{"line":14,"column":27},"end":{"line":14,"column":28}},"loc":{"start":{"line":14,"column":34},"end":{"line":16,"column":1}},"line":14},"3":{"name":"(anonymous_3)","decl":{"start":{"line":19,"column":28},"end":{"line":19,"column":29}},"loc":{"start":{"line":19,"column":44},"end":{"line":22,"column":1}},"line":19},"4":{"name":"(anonymous_4)","decl":{"start":{"line":24,"column":26},"end":{"line":24,"column":27}},"loc":{"start":{"line":24,"column":40},"end":{"line":27,"column":1}},"line":24}},"branchMap":{"0":{"loc":{"start":{"line":3,"column":30},"end":{"line":3,"column":39}},"type":"default-arg","locations":[{"start":{"line":3,"column":37},"end":{"line":3,"column":39}}],"line":3}},"s":{"0":2,"1":2,"2":2,"3":1,"4":2,"5":1,"6":2,"7":1,"8":2,"9":1},"f":{"0":2,"1":1,"2":1,"3":1,"4":1},"b":{"0":[0]},"_coverageSchema":"43e27e138ebf9cfc5966b082cf9a028302ed4184","hash":"e010cb03d0e15ecf3ffde6e87918fd22da3d0157"}
,"/Users/jason.noronha/Desktop/Mango-tree/Expensify/src/components/ExpenseDashboardPage.js": {"path":"/Users/jason.noronha/Desktop/Mango-tree/Expensify/src/components/ExpenseDashboardPage.js","statementMap":{"0":{"start":{"line":5,"column":29},"end":{"line":10,"column":1}},"1":{"start":{"line":6,"column":4},"end":{"line":9,"column":10}}},"fnMap":{"0":{"name":"(anonymous_0)","decl":{"start":{"line":5,"column":29},"end":{"line":5,"column":30}},"loc":{"start":{"line":6,"column":4},"end":{"line":9,"column":10}},"line":6}},"branchMap":{},"s":{"0":1,"1":1},"f":{"0":1},"b":{},"_coverageSchema":"43e27e138ebf9cfc5966b082cf9a028302ed4184","hash":"3b9e4c5b680b2e8816c4d04c8d94d410e2810831"}
,"/Users/jason.noronha/Desktop/Mango-tree/Expensify/src/components/ExpenseList.js": {"path":"/Users/jason.noronha/Desktop/Mango-tree/Expensify/src/components/ExpenseList.js","statementMap":{"0":{"start":{"line":6,"column":27},"end":{"line":15,"column":1}},"1":{"start":{"line":7,"column":4},"end":{"line":14,"column":10}},"2":{"start":{"line":12,"column":51},"end":{"line":12,"column":100}},"3":{"start":{"line":17,"column":24},"end":{"line":21,"column":1}},"4":{"start":{"line":18,"column":4},"end":{"line":20,"column":6}}},"fnMap":{"0":{"name":"(anonymous_0)","decl":{"start":{"line":6,"column":27},"end":{"line":6,"column":28}},"loc":{"start":{"line":7,"column":4},"end":{"line":14,"column":10}},"line":7},"1":{"name":"(anonymous_1)","decl":{"start":{"line":12,"column":31},"end":{"line":12,"column":32}},"loc":{"start":{"line":12,"column":51},"end":{"line":12,"column":100}},"line":12},"2":{"name":"(anonymous_2)","decl":{"start":{"line":17,"column":24},"end":{"line":17,"column":25}},"loc":{"start":{"line":17,"column":35},"end":{"line":21,"column":1}},"line":17}},"branchMap":{"0":{"loc":{"start":{"line":8,"column":9},"end":{"line":13,"column":9}},"type":"cond-expr","locations":[{"start":{"line":9,"column":12},"end":{"line":9,"column":30}},{"start":{"line":12,"column":12},"end":{"line":12,"column":101}}],"line":8}},"s":{"0":2,"1":2,"2":3,"3":2,"4":0},"f":{"0":2,"1":3,"2":0},"b":{"0":[1,1]},"_coverageSchema":"43e27e138ebf9cfc5966b082cf9a028302ed4184","hash":"9f8c710888007e53f7e4386113b0cdd1755b5351"}
,"/Users/jason.noronha/Desktop/Mango-tree/Expensify/src/components/ExpenseListFilters.js": {"path":"/Users/jason.noronha/Desktop/Mango-tree/Expensify/src/components/ExpenseListFilters.js","statementMap":{"0":{"start":{"line":7,"column":12},"end":{"line":9,"column":5}},"1":{"start":{"line":11,"column":20},"end":{"line":14,"column":5}},"2":{"start":{"line":12,"column":8},"end":{"line":12,"column":53}},"3":{"start":{"line":13,"column":8},"end":{"line":13,"column":49}},"4":{"start":{"line":16,"column":20},"end":{"line":18,"column":5}},"5":{"start":{"line":17,"column":8},"end":{"line":17,"column":51}},"6":{"start":{"line":17,"column":29},"end":{"line":17,"column":48}},"7":{"start":{"line":21,"column":8},"end":{"line":54,"column":10}},"8":{"start":{"line":27,"column":24},"end":{"line":27,"column":74}},"9":{"start":{"line":33,"column":24},"end":{"line":37,"column":25}},"10":{"start":{"line":34,"column":28},"end":{"line":34,"column":64}},"11":{"start":{"line":35,"column":31},"end":{"line":37,"column":25}},"12":{"start":{"line":36,"column":28},"end":{"line":36,"column":62}},"13":{"start":{"line":51,"column":42},"end":{"line":51,"column":47}},"14":{"start":{"line":58,"column":24},"end":{"line":62,"column":1}},"15":{"start":{"line":59,"column":4},"end":{"line":61,"column":5}}},"fnMap":{"0":{"name":"(anonymous_0)","decl":{"start":{"line":11,"column":20},"end":{"line":11,"column":21}},"loc":{"start":{"line":11,"column":48},"end":{"line":14,"column":5}},"line":11},"1":{"name":"(anonymous_1)","decl":{"start":{"line":16,"column":20},"end":{"line":16,"column":21}},"loc":{"start":{"line":16,"column":41},"end":{"line":18,"column":5}},"line":16},"2":{"name":"(anonymous_2)","decl":{"start":{"line":17,"column":22},"end":{"line":17,"column":23}},"loc":{"start":{"line":17,"column":29},"end":{"line":17,"column":48}},"line":17},"3":{"name":"(anonymous_3)","decl":{"start":{"line":20,"column":4},"end":{"line":20,"column":5}},"loc":{"start":{"line":20,"column":14},"end":{"line":55,"column":5}},"line":20},"4":{"name":"(anonymous_4)","decl":{"start":{"line":26,"column":30},"end":{"line":26,"column":31}},"loc":{"start":{"line":26,"column":37},"end":{"line":28,"column":21}},"line":26},"5":{"name":"(anonymous_5)","decl":{"start":{"line":32,"column":30},"end":{"line":32,"column":31}},"loc":{"start":{"line":32,"column":37},"end":{"line":38,"column":21}},"line":32},"6":{"name":"(anonymous_6)","decl":{"start":{"line":51,"column":36},"end":{"line":51,"column":37}},"loc":{"start":{"line":51,"column":42},"end":{"line":51,"column":47}},"line":51},"7":{"name":"(anonymous_7)","decl":{"start":{"line":58,"column":24},"end":{"line":58,"column":25}},"loc":{"start":{"line":58,"column":35},"end":{"line":62,"column":1}},"line":58}},"branchMap":{"0":{"loc":{"start":{"line":33,"column":24},"end":{"line":37,"column":25}},"type":"if","locations":[{"start":{"line":33,"column":24},"end":{"line":37,"column":25}},{"start":{"line":33,"column":24},"end":{"line":37,"column":25}}],"line":33},"1":{"loc":{"start":{"line":35,"column":31},"end":{"line":37,"column":25}},"type":"if","locations":[{"start":{"line":35,"column":31},"end":{"line":37,"column":25}},{"start":{"line":35,"column":31},"end":{"line":37,"column":25}}],"line":35}},"s":{"0":0,"1":0,"2":0,"3":0,"4":0,"5":0,"6":0,"7":0,"8":0,"9":0,"10":0,"11":0,"12":0,"13":0,"14":1,"15":0},"f":{"0":0,"1":0,"2":0,"3":0,"4":0,"5":0,"6":0,"7":0},"b":{"0":[0,0],"1":[0,0]},"_coverageSchema":"43e27e138ebf9cfc5966b082cf9a028302ed4184","hash":"c93fedff02522d55cf8660f0fd7a7f0424977e9f"}
,"/Users/jason.noronha/Desktop/Mango-tree/Expensify/src/components/ExpenseListItem.js": {"path":"/Users/jason.noronha/Desktop/Mango-tree/Expensify/src/components/ExpenseListItem.js","statementMap":{"0":{"start":{"line":5,"column":24},"end":{"line":12,"column":1}},"1":{"start":{"line":6,"column":4},"end":{"line":11,"column":10}}},"fnMap":{"0":{"name":"(anonymous_0)","decl":{"start":{"line":5,"column":24},"end":{"line":5,"column":25}},"loc":{"start":{"line":6,"column":4},"end":{"line":11,"column":10}},"line":6}},"branchMap":{},"s":{"0":3,"1":1},"f":{"0":1},"b":{},"_coverageSchema":"43e27e138ebf9cfc5966b082cf9a028302ed4184","hash":"7d2b410f5487cb8fefc28b821c4612127c967faf"}
,"/Users/jason.noronha/Desktop/Mango-tree/Expensify/src/components/Header.js": {"path":"/Users/jason.noronha/Desktop/Mango-tree/Expensify/src/components/Header.js","statementMap":{"0":{"start":{"line":4,"column":15},"end":{"line":10,"column":1}},"1":{"start":{"line":5,"column":4},"end":{"line":9,"column":13}}},"fnMap":{"0":{"name":"(anonymous_0)","decl":{"start":{"line":4,"column":15},"end":{"line":4,"column":16}},"loc":{"start":{"line":5,"column":4},"end":{"line":9,"column":13}},"line":5}},"branchMap":{},"s":{"0":1,"1":1},"f":{"0":1},"b":{},"_coverageSchema":"43e27e138ebf9cfc5966b082cf9a028302ed4184","hash":"75e621deb95e2d918f6c1b9cd432d4a39b67f5d6"}
,"/Users/jason.noronha/Desktop/Mango-tree/Expensify/src/components/NotFoundPage.js": {"path":"/Users/jason.noronha/Desktop/Mango-tree/Expensify/src/components/NotFoundPage.js","statementMap":{"0":{"start":{"line":4,"column":21},"end":{"line":8,"column":1}},"1":{"start":{"line":5,"column":4},"end":{"line":7,"column":10}}},"fnMap":{"0":{"name":"(anonymous_0)","decl":{"start":{"line":4,"column":21},"end":{"line":4,"column":22}},"loc":{"start":{"line":5,"column":4},"end":{"line":7,"column":10}},"line":5}},"branchMap":{},"s":{"0":1,"1":1},"f":{"0":1},"b":{},"_coverageSchema":"43e27e138ebf9cfc5966b082cf9a028302ed4184","hash":"263752f68d9dbb1bf53b3c02975107d1378cbba1"}
,"/Users/jason.noronha/Desktop/Mango-tree/Expensify/src/reducers/expenses.js": {"path":"/Users/jason.noronha/Desktop/Mango-tree/Expensify/src/reducers/expenses.js","statementMap":{"0":{"start":{"line":2,"column":36},"end":{"line":2,"column":38}},"1":{"start":{"line":4,"column":4},"end":{"line":25,"column":5}},"2":{"start":{"line":6,"column":12},"end":{"line":9,"column":13}},"3":{"start":{"line":11,"column":12},"end":{"line":20,"column":14}},"4":{"start":{"line":12,"column":16},"end":{"line":19,"column":17}},"5":{"start":{"line":13,"column":20},"end":{"line":16,"column":22}},"6":{"start":{"line":18,"column":20},"end":{"line":18,"column":35}},"7":{"start":{"line":22,"column":12},"end":{"line":22,"column":59}},"8":{"start":{"line":22,"column":42},"end":{"line":22,"column":58}},"9":{"start":{"line":24,"column":12},"end":{"line":24,"column":25}}},"fnMap":{"0":{"name":"(anonymous_0)","decl":{"start":{"line":3,"column":15},"end":{"line":3,"column":16}},"loc":{"start":{"line":3,"column":64},"end":{"line":26,"column":1}},"line":3},"1":{"name":"(anonymous_1)","decl":{"start":{"line":11,"column":29},"end":{"line":11,"column":30}},"loc":{"start":{"line":11,"column":42},"end":{"line":20,"column":13}},"line":11},"2":{"name":"(anonymous_2)","decl":{"start":{"line":22,"column":32},"end":{"line":22,"column":33}},"loc":{"start":{"line":22,"column":42},"end":{"line":22,"column":58}},"line":22}},"branchMap":{"0":{"loc":{"start":{"line":3,"column":16},"end":{"line":3,"column":51}},"type":"default-arg","locations":[{"start":{"line":3,"column":24},"end":{"line":3,"column":51}}],"line":3},"1":{"loc":{"start":{"line":4,"column":4},"end":{"line":25,"column":5}},"type":"switch","locations":[{"start":{"line":5,"column":8},"end":{"line":9,"column":13}},{"start":{"line":10,"column":8},"end":{"line":20,"column":14}},{"start":{"line":21,"column":8},"end":{"line":22,"column":59}},{"start":{"line":23,"column":8},"end":{"line":24,"column":25}}],"line":4},"2":{"loc":{"start":{"line":12,"column":16},"end":{"line":19,"column":17}},"type":"if","locations":[{"start":{"line":12,"column":16},"end":{"line":19,"column":17}},{"start":{"line":12,"column":16},"end":{"line":19,"column":17}}],"line":12}},"s":{"0":1,"1":6,"2":1,"3":2,"4":6,"5":1,"6":5,"7":2,"8":6,"9":1},"f":{"0":6,"1":6,"2":6},"b":{"0":[1],"1":[1,2,2,1],"2":[1,5]},"_coverageSchema":"43e27e138ebf9cfc5966b082cf9a028302ed4184","hash":"71a141925f5aa6c1318470a2faba05e08c3ab1b7"}
,"/Users/jason.noronha/Desktop/Mango-tree/Expensify/src/reducers/filters.js": {"path":"/Users/jason.noronha/Desktop/Mango-tree/Expensify/src/reducers/filters.js","statementMap":{"0":{"start":{"line":4,"column":35},"end":{"line":9,"column":1}},"1":{"start":{"line":11,"column":4},"end":{"line":39,"column":5}},"2":{"start":{"line":13,"column":12},"end":{"line":16,"column":13}},"3":{"start":{"line":18,"column":12},"end":{"line":21,"column":13}},"4":{"start":{"line":23,"column":12},"end":{"line":26,"column":13}},"5":{"start":{"line":28,"column":12},"end":{"line":31,"column":13}},"6":{"start":{"line":33,"column":12},"end":{"line":36,"column":13}},"7":{"start":{"line":38,"column":12},"end":{"line":38,"column":25}}},"fnMap":{"0":{"name":"(anonymous_0)","decl":{"start":{"line":10,"column":15},"end":{"line":10,"column":16}},"loc":{"start":{"line":10,"column":63},"end":{"line":40,"column":1}},"line":10}},"branchMap":{"0":{"loc":{"start":{"line":10,"column":16},"end":{"line":10,"column":50}},"type":"default-arg","locations":[{"start":{"line":10,"column":24},"end":{"line":10,"column":50}}],"line":10},"1":{"loc":{"start":{"line":11,"column":4},"end":{"line":39,"column":5}},"type":"switch","locations":[{"start":{"line":12,"column":8},"end":{"line":16,"column":13}},{"start":{"line":17,"column":8},"end":{"line":21,"column":13}},{"start":{"line":22,"column":8},"end":{"line":26,"column":13}},{"start":{"line":27,"column":8},"end":{"line":31,"column":13}},{"start":{"line":32,"column":8},"end":{"line":36,"column":13}},{"start":{"line":37,"column":8},"end":{"line":38,"column":25}}],"line":11}},"s":{"0":1,"1":6,"2":1,"3":1,"4":1,"5":1,"6":1,"7":1},"f":{"0":6},"b":{"0":[2],"1":[1,1,1,1,1,1]},"_coverageSchema":"43e27e138ebf9cfc5966b082cf9a028302ed4184","hash":"5d10acf03b56588d399f1c6b935d7317a8b50384"}
,"/Users/jason.noronha/Desktop/Mango-tree/Expensify/src/selectors/expenses.js": {"path":"/Users/jason.noronha/Desktop/Mango-tree/Expensify/src/selectors/expenses.js","statementMap":{"0":{"start":{"line":5,"column":4},"end":{"line":18,"column":7}},"1":{"start":{"line":6,"column":32},"end":{"line":6,"column":57}},"2":{"start":{"line":7,"column":31},"end":{"line":7,"column":98}},"3":{"start":{"line":8,"column":29},"end":{"line":8,"column":91}},"4":{"start":{"line":9,"column":26},"end":{"line":9,"column":103}},"5":{"start":{"line":11,"column":8},"end":{"line":11,"column":59}},"6":{"start":{"line":13,"column":8},"end":{"line":17,"column":9}},"7":{"start":{"line":14,"column":12},"end":{"line":14,"column":54}},"8":{"start":{"line":15,"column":15},"end":{"line":17,"column":9}},"9":{"start":{"line":16,"column":12},"end":{"line":16,"column":48}}},"fnMap":{"0":{"name":"(anonymous_0)","decl":{"start":{"line":4,"column":15},"end":{"line":4,"column":16}},"loc":{"start":{"line":4,"column":65},"end":{"line":19,"column":1}},"line":4},"1":{"name":"(anonymous_1)","decl":{"start":{"line":5,"column":27},"end":{"line":5,"column":28}},"loc":{"start":{"line":5,"column":40},"end":{"line":12,"column":5}},"line":5},"2":{"name":"(anonymous_2)","decl":{"start":{"line":12,"column":12},"end":{"line":12,"column":13}},"loc":{"start":{"line":12,"column":22},"end":{"line":18,"column":5}},"line":12}},"branchMap":{"0":{"loc":{"start":{"line":7,"column":31},"end":{"line":7,"column":98}},"type":"cond-expr","locations":[{"start":{"line":7,"column":43},"end":{"line":7,"column":91}},{"start":{"line":7,"column":94},"end":{"line":7,"column":98}}],"line":7},"1":{"loc":{"start":{"line":8,"column":29},"end":{"line":8,"column":91}},"type":"cond-expr","locations":[{"start":{"line":8,"column":39},"end":{"line":8,"column":84}},{"start":{"line":8,"column":87},"end":{"line":8,"column":91}}],"line":8},"2":{"loc":{"start":{"line":9,"column":26},"end":{"line":9,"column":103}},"type":"binary-expr","locations":[{"start":{"line":9,"column":26},"end":{"line":9,"column":37}},{"start":{"line":9,"column":41},"end":{"line":9,"column":103}}],"line":9},"3":{"loc":{"start":{"line":11,"column":15},"end":{"line":11,"column":58}},"type":"binary-expr","locations":[{"start":{"line":11,"column":15},"end":{"line":11,"column":29}},{"start":{"line":11,"column":33},"end":{"line":11,"column":45}},{"start":{"line":11,"column":49},"end":{"line":11,"column":58}}],"line":11},"4":{"loc":{"start":{"line":13,"column":8},"end":{"line":17,"column":9}},"type":"if","locations":[{"start":{"line":13,"column":8},"end":{"line":17,"column":9}},{"start":{"line":13,"column":8},"end":{"line":17,"column":9}}],"line":13},"5":{"loc":{"start":{"line":14,"column":19},"end":{"line":14,"column":53}},"type":"cond-expr","locations":[{"start":{"line":14,"column":47},"end":{"line":14,"column":48}},{"start":{"line":14,"column":51},"end":{"line":14,"column":53}}],"line":14},"6":{"loc":{"start":{"line":15,"column":15},"end":{"line":17,"column":9}},"type":"if","locations":[{"start":{"line":15,"column":15},"end":{"line":17,"column":9}},{"start":{"line":15,"column":15},"end":{"line":17,"column":9}}],"line":15},"7":{"loc":{"start":{"line":16,"column":19},"end":{"line":16,"column":47}},"type":"cond-expr","locations":[{"start":{"line":16,"column":41},"end":{"line":16,"column":42}},{"start":{"line":16,"column":45},"end":{"line":16,"column":47}}],"line":16}},"s":{"0":5,"1":15,"2":15,"3":15,"4":15,"5":15,"6":8,"7":6,"8":2,"9":2},"f":{"0":5,"1":15,"2":8},"b":{"0":[3,12],"1":[3,12],"2":[15,3],"3":[15,14,13],"4":[6,2],"5":[4,2],"6":[2,0],"7":[0,2]},"_coverageSchema":"43e27e138ebf9cfc5966b082cf9a028302ed4184","hash":"6d2e6713b39646ca3998430b6e824e5e3068d8fd"}
,"/Users/jason.noronha/Desktop/Mango-tree/Expensify/src/tests/fixtures/expenses.js": {"path":"/Users/jason.noronha/Desktop/Mango-tree/Expensify/src/tests/fixtures/expenses.js","statementMap":{},"fnMap":{},"branchMap":{},"s":{},"f":{},"b":{},"_coverageSchema":"43e27e138ebf9cfc5966b082cf9a028302ed4184","hash":"6541ef81ccf46a1a4ff96ff3fc6d39e4bdbd601a"}
}
