TN:
SF:/Users/jason.noronha/Desktop/Mango-tree/Expensify/src/actions/expenses.js
FN:4,(anonymous_0)
FN:23,(anonymous_1)
FN:29,(anonymous_2)
FNF:3
FNH:3
FNDA:2,(anonymous_0)
FNDA:1,(anonymous_1)
FNDA:1,(anonymous_2)
DA:4,1
DA:11,2
DA:23,1
DA:29,1
LF:4
LH:4
BRDA:5,0,0,1
BRDA:6,1,0,1
BRDA:7,2,0,1
BRDA:8,3,0,1
BRDA:9,4,0,1
BRDA:23,5,0,0
BRF:6
BRH:5
end_of_record
TN:
SF:/Users/jason.noronha/Desktop/Mango-tree/Expensify/src/actions/filters.js
FN:3,(anonymous_0)
FN:9,(anonymous_1)
FN:14,(anonymous_2)
FN:19,(anonymous_3)
FN:24,(anonymous_4)
FNF:5
FNH:5
FNDA:2,(anonymous_0)
FNDA:1,(anonymous_1)
FNDA:1,(anonymous_2)
FNDA:1,(anonymous_3)
FNDA:1,(anonymous_4)
DA:3,2
DA:9,2
DA:14,2
DA:19,2
DA:24,2
LF:5
LH:5
BRDA:3,0,0,0
BRF:1
BRH:0
end_of_record
TN:
SF:/Users/jason.noronha/Desktop/Mango-tree/Expensify/src/components/ExpenseDashboardPage.js
FN:5,(anonymous_0)
FNF:1
FNH:1
FNDA:1,(anonymous_0)
DA:5,1
DA:6,1
LF:2
LH:2
BRF:0
BRH:0
end_of_record
TN:
SF:/Users/jason.noronha/Desktop/Mango-tree/Expensify/src/components/ExpenseList.js
FN:6,(anonymous_0)
FN:12,(anonymous_1)
FN:17,(anonymous_2)
FNF:3
FNH:2
FNDA:2,(anonymous_0)
FNDA:3,(anonymous_1)
FNDA:0,(anonymous_2)
DA:6,2
DA:7,2
DA:12,3
DA:17,2
DA:18,0
LF:5
LH:4
BRDA:8,0,0,1
BRDA:8,0,1,1
BRF:2
BRH:2
end_of_record
TN:
SF:/Users/jason.noronha/Desktop/Mango-tree/Expensify/src/components/ExpenseListFilters.js
FN:11,(anonymous_0)
FN:16,(anonymous_1)
FN:17,(anonymous_2)
FN:20,(anonymous_3)
FN:26,(anonymous_4)
FN:32,(anonymous_5)
FN:51,(anonymous_6)
FN:58,(anonymous_7)
FNF:8
FNH:0
FNDA:0,(anonymous_0)
FNDA:0,(anonymous_1)
FNDA:0,(anonymous_2)
FNDA:0,(anonymous_3)
FNDA:0,(anonymous_4)
FNDA:0,(anonymous_5)
FNDA:0,(anonymous_6)
FNDA:0,(anonymous_7)
DA:7,0
DA:11,0
DA:12,0
DA:13,0
DA:16,0
DA:17,0
DA:21,0
DA:27,0
DA:33,0
DA:34,0
DA:35,0
DA:36,0
DA:51,0
DA:58,1
DA:59,0
LF:15
LH:1
BRDA:33,0,0,0
BRDA:33,0,1,0
BRDA:35,1,0,0
BRDA:35,1,1,0
BRF:4
BRH:0
end_of_record
TN:
SF:/Users/jason.noronha/Desktop/Mango-tree/Expensify/src/components/ExpenseListItem.js
FN:5,(anonymous_0)
FNF:1
FNH:1
FNDA:1,(anonymous_0)
DA:5,3
DA:6,1
LF:2
LH:2
BRF:0
BRH:0
end_of_record
TN:
SF:/Users/jason.noronha/Desktop/Mango-tree/Expensify/src/components/Header.js
FN:4,(anonymous_0)
FNF:1
FNH:1
FNDA:1,(anonymous_0)
DA:4,1
DA:5,1
LF:2
LH:2
BRF:0
BRH:0
end_of_record
TN:
SF:/Users/jason.noronha/Desktop/Mango-tree/Expensify/src/components/NotFoundPage.js
FN:4,(anonymous_0)
FNF:1
FNH:1
FNDA:1,(anonymous_0)
DA:4,1
DA:5,1
LF:2
LH:2
BRF:0
BRH:0
end_of_record
TN:
SF:/Users/jason.noronha/Desktop/Mango-tree/Expensify/src/reducers/expenses.js
FN:3,(anonymous_0)
FN:11,(anonymous_1)
FN:22,(anonymous_2)
FNF:3
FNH:3
FNDA:6,(anonymous_0)
FNDA:6,(anonymous_1)
FNDA:6,(anonymous_2)
DA:2,1
DA:4,6
DA:6,1
DA:11,2
DA:12,6
DA:13,1
DA:18,5
DA:22,6
DA:24,1
LF:9
LH:9
BRDA:3,0,0,1
BRDA:4,1,0,1
BRDA:4,1,1,2
BRDA:4,1,2,2
BRDA:4,1,3,1
BRDA:12,2,0,1
BRDA:12,2,1,5
BRF:7
BRH:7
end_of_record
TN:
SF:/Users/jason.noronha/Desktop/Mango-tree/Expensify/src/reducers/filters.js
FN:10,(anonymous_0)
FNF:1
FNH:1
FNDA:6,(anonymous_0)
DA:4,1
DA:11,6
DA:13,1
DA:18,1
DA:23,1
DA:28,1
DA:33,1
DA:38,1
LF:8
LH:8
BRDA:10,0,0,2
BRDA:11,1,0,1
BRDA:11,1,1,1
BRDA:11,1,2,1
BRDA:11,1,3,1
BRDA:11,1,4,1
BRDA:11,1,5,1
BRF:7
BRH:7
end_of_record
TN:
SF:/Users/jason.noronha/Desktop/Mango-tree/Expensify/src/selectors/expenses.js
FN:4,(anonymous_0)
FN:5,(anonymous_1)
FN:12,(anonymous_2)
FNF:3
FNH:3
FNDA:5,(anonymous_0)
FNDA:15,(anonymous_1)
FNDA:8,(anonymous_2)
DA:5,5
DA:6,15
DA:7,15
DA:8,15
DA:9,15
DA:11,15
DA:13,8
DA:14,6
DA:15,2
DA:16,2
LF:10
LH:10
BRDA:7,0,0,3
BRDA:7,0,1,12
BRDA:8,1,0,3
BRDA:8,1,1,12
BRDA:9,2,0,15
BRDA:9,2,1,3
BRDA:11,3,0,15
BRDA:11,3,1,14
BRDA:11,3,2,13
BRDA:13,4,0,6
BRDA:13,4,1,2
BRDA:14,5,0,4
BRDA:14,5,1,2
BRDA:15,6,0,2
BRDA:15,6,1,0
BRDA:16,7,0,0
BRDA:16,7,1,2
BRF:17
BRH:15
end_of_record
TN:
SF:/Users/jason.noronha/Desktop/Mango-tree/Expensify/src/tests/fixtures/expenses.js
FNF:0
FNH:0
LF:0
LH:0
BRF:0
BRH:0
end_of_record
